Thread, Run, Test, Start time (ms since Epoch), Test time, Errors, HTTP response code, HTTP response length, HTTP response errors, Time to resolve host, Time to establish connection, Time to first byte, New connections
0, 0, 101, 1421611892172, 15210, 0, 200, 7239, 0, 15012, 15066, 15197, 1
0, 0, 102, 1421611907555, 170, 0, 200, 26408, 0, 0, 0, 62, 0
0, 0, 103, 1421611907727, 185, 0, 200, 61790, 0, 0, 0, 68, 0
0, 0, 104, 1421611907913, 65, 0, 200, 1404, 0, 0, 0, 64, 0
0, 0, 105, 1421611907979, 61, 0, 200, 723, 0, 0, 0, 60, 0
0, 0, 106, 1421611908041, 75, 0, 200, 7786, 0, 0, 0, 66, 0
0, 0, 107, 1421611908161, 147, 0, 200, 32946, 0, 0, 0, 63, 0
0, 0, 108, 1421611908310, 129, 0, 200, 29428, 0, 0, 0, 93, 0
0, 0, 109, 1421611908440, 91, 0, 200, 23985, 0, 0, 0, 62, 0
0, 0, 110, 1421611908533, 82, 0, 200, 15732, 0, 0, 0, 63, 0
0, 0, 111, 1421611908637, 62, 0, 304, 0, 0, 0, 0, 61, 0
0, 0, 112, 1421611908699, 122, 0, 200, 38453, 0, 0, 0, 61, 0
0, 0, 113, 1421611908823, 72, 0, 200, 8528, 0, 0, 0, 62, 0
0, 0, 114, 1421611908966, 105, 0, 200, 31909, 0, 0, 0, 63, 0
0, 0, 115, 1421611909072, 104, 0, 200, 27620, 0, 0, 0, 70, 0
0, 0, 116, 1421611909235, 85, 0, 200, 17244, 0, 0, 0, 65, 0
0, 0, 117, 1421611909321, 104, 0, 200, 32767, 0, 0, 0, 65, 0
0, 0, 118, 1421611909427, 71, 0, 200, 1474, 0, 0, 0, 70, 0
0, 0, 119, 1421611909501, 66, 0, 200, 1449, 0, 0, 0, 63, 0
0, 0, 120, 1421611909567, 138, 0, 200, 47726, 0, 0, 0, 63, 0
0, 0, 121, 1421611909706, 77, 0, 200, 12764, 0, 0, 0, 63, 0
0, 0, 122, 1421611909784, 188, 0, 200, 56440, 0, 0, 0, 91, 0
0, 0, 123, 1421611909974, 65, 0, 200, 4603, 0, 0, 0, 61, 0
0, 0, 124, 1421611910040, 75, 0, 200, 8535, 0, 0, 0, 67, 0
0, 0, 125, 1421611910149, 65, 0, 200, 3934, 0, 0, 0, 62, 0
0, 0, 126, 1421611910243, 87, 0, 200, 15676, 0, 0, 0, 69, 0
0, 0, 127, 1421611910331, 64, 0, 200, 2415, 0, 0, 0, 62, 0
0, 0, 128, 1421611910409, 64, 0, 200, 3230, 0, 0, 0, 62, 0
0, 0, 129, 1421611910474, 71, 0, 200, 8863, 0, 0, 0, 63, 0
0, 0, 130, 1421611910567, 78, 0, 200, 14311, 0, 0, 0, 62, 0
0, 0, 131, 1421611910647, 70, 0, 200, 7894, 0, 0, 0, 62, 0
0, 0, 132, 1421611910718, 67, 0, 200, 5295, 0, 0, 0, 62, 0
0, 0, 133, 1421611910786, 85, 0, 200, 18421, 0, 0, 0, 64, 0
0, 0, 134, 1421611910889, 319, 0, 200, 97336, 0, 0, 0, 86, 0
0, 0, 135, 1421611911209, 2280, 0, 200, 808183, 0, 0, 0, 80, 0
0, 0, 136, 1421611913490, 129, 0, 200, 2692, 0, 0, 0, 126, 0
0, 0, 137, 1421611913633, 141, 0, 200, 44400, 0, 0, 0, 63, 0
0, 0, 138, 1421611913775, 78, 0, 200, 12837, 0, 0, 0, 61, 0
0, 0, 139, 1421611913891, 89, 0, 200, 11811, 0, 0, 0, 76, 0
0, 0, 140, 1421611914003, 71, 0, 200, 8403, 0, 0, 0, 62, 0
0, 0, 141, 1421611914075, 70, 0, 200, 5492, 0, 0, 0, 66, 0
0, 0, 142, 1421611914145, 68, 0, 200, 2799, 0, 0, 0, 66, 0
0, 0, 143, 1421611914214, 64, 0, 200, 1445, 0, 0, 0, 63, 0
0, 0, 144, 1421611914298, 73, 0, 200, 9007, 0, 0, 0, 63, 0
0, 0, 145, 1421611914371, 65, 0, 200, 1348, 0, 0, 0, 63, 0
0, 0, 146, 1421611914437, 65, 0, 200, 4625, 0, 0, 0, 61, 0
0, 0, 147, 1421611914503, 69, 0, 200, 6937, 0, 0, 0, 64, 0
0, 0, 148, 1421611914574, 199, 0, 200, 2202, 0, 0, 0, 197, 0
0, 0, 149, 1421611914775, 74, 0, 200, 11335, 0, 0, 0, 62, 0
0, 0, 150, 1421611914877, 75, 0, 200, 10789, 0, 0, 0, 62, 0
0, 0, 151, 1421611914953, 80, 0, 200, 3547, 0, 0, 0, 76, 0
0, 0, 152, 1421611915034, 87, 0, 200, 9725, 0, 0, 0, 78, 0
0, 0, 153, 1421611915121, 192, 0, 200, 33596, 0, 0, 0, 112, 0
0, 0, 154, 1421611915337, 67, 0, 200, 764, 0, 0, 0, 67, 0
0, 0, 155, 1421611915405, 73, 0, 200, 2767, 0, 0, 0, 71, 0
0, 0, 156, 1421611915505, 108, 0, 200, 10890, 0, 0, 0, 96, 0
0, 0, 157, 1421611915614, 78, 0, 200, 13882, 0, 0, 0, 63, 0
0, 0, 158, 1421611915692, 273, 0, 200, 77561, 0, 0, 0, 92, 0
0, 0, 159, 1421611916001, 71, 0, 200, 7885, 0, 0, 0, 63, 0
0, 0, 160, 1421611916074, 69, 0, 200, 6899, 0, 0, 0, 61, 0
0, 0, 161, 1421611916145, 195, 0, 200, 57607, 0, 0, 0, 64, 0
0, 0, 162, 1421611916369, 198, 0, 200, 53356, 0, 0, 0, 61, 0
0, 0, 163, 1421611916568, 86, 0, 200, 3006, 0, 0, 0, 82, 0
0, 0, 164, 1421611916692, 122, 0, 200, 26839, 0, 0, 0, 62, 0
0, 0, 165, 1421611916814, 67, 0, 200, 2628, 0, 0, 0, 65, 0
0, 0, 166, 1421611916883, 76, 0, 200, 13142, 0, 0, 0, 61, 0
0, 0, 167, 1421611916960, 73, 0, 200, 8197, 0, 0, 0, 62, 0
0, 0, 168, 1421611917033, 82, 0, 200, 11619, 0, 0, 0, 62, 0
0, 0, 169, 1421611917115, 84, 0, 200, 11417, 0, 0, 0, 72, 0
0, 0, 170, 1421611917200, 63, 0, 200, 1412, 0, 0, 0, 62, 0
0, 0, 171, 1421611917282, 72, 0, 200, 8917, 0, 0, 0, 62, 0
0, 0, 172, 1421611917355, 94, 0, 200, 17485, 0, 0, 0, 74, 0
0, 0, 173, 1421611917451, 72, 0, 200, 6711, 0, 0, 0, 61, 0
0, 0, 174, 1421611917524, 66, 0, 200, 4296, 0, 0, 0, 62, 0
0, 0, 175, 1421611917613, 167, 0, 200, 27092, 0, 0, 0, 61, 0
0, 0, 176, 1421611917802, 68, 0, 200, 6018, 0, 0, 0, 62, 0
0, 0, 177, 1421611917897, 64, 0, 200, 3287, 0, 0, 0, 62, 0
0, 0, 178, 1421611917962, 62, 0, 200, 1044, 0, 0, 0, 61, 0
0, 0, 179, 1421611918025, 62, 0, 200, 3020, 0, 0, 0, 60, 0
0, 0, 180, 1421611918088, 63, 0, 200, 3077, 0, 0, 0, 61, 0
0, 0, 181, 1421611918152, 95, 0, 200, 1903, 0, 0, 0, 94, 0
0, 0, 182, 1421611918247, 64, 0, 200, 2171, 0, 0, 0, 62, 0
0, 0, 183, 1421611918312, 69, 0, 200, 7200, 0, 0, 0, 61, 0
0, 0, 184, 1421611918396, 193, 0, 200, 36215, 0, 0, 0, 64, 0
0, 0, 185, 1421611918591, 613, 0, 200, 39089, 0, 0, 0, 63, 0
0, 0, 186, 1421611919205, 93, 0, 200, 842, 0, 0, 0, 93, 0
0, 0, 187, 1421611919299, 132, 0, 200, 17095, 0, 0, 0, 65, 0
0, 0, 188, 1421611919432, 68, 0, 200, 1737, 0, 0, 0, 67, 0
0, 0, 189, 1421611919501, 64, 0, 200, 2377, 0, 0, 0, 62, 0
0, 0, 190, 1421611919566, 76, 0, 200, 3805, 0, 0, 0, 73, 0
0, 0, 191, 1421611919644, 175, 0, 200, 35776, 0, 0, 0, 62, 0
0, 0, 192, 1421611919837, 66, 0, 200, 3824, 0, 0, 0, 62, 0
0, 0, 193, 1421611919904, 139, 0, 200, 33502, 0, 0, 0, 63, 0
0, 0, 194, 1421611920044, 72, 0, 200, 8879, 0, 0, 0, 64, 0
0, 0, 195, 1421611920151, 62, 0, 304, 0, 0, 0, 0, 61, 0
0, 0, 196, 1421611920263, 228, 0, 200, 52830, 0, 0, 0, 89, 0
0, 0, 197, 1421611920678, 172, 0, 200, 36834, 0, 0, 0, 68, 0
0, 0, 198, 1421611920938, 183, 0, 200, 54562, 0, 0, 0, 64, 0
0, 0, 199, 1421611921905, 185, 0, 200, 38461, 0, 0, 0, 62, 0
0, 0, 100, 1421611892171, 29866, 0, 0, 0, 0, 0, 0, 0, 0
0, 0, 201, 1421611922091, 156, 0, 200, 46324, 0, 0, 0, 62, 0
0, 0, 202, 1421611922248, 92, 0, 200, 21357, 0, 0, 0, 67, 0
0, 0, 200, 1421611922091, 249, 0, 0, 0, 0, 0, 0, 0, 0
0, 0, 301, 1421611922342, 343, 0, 200, 133828, 0, 0, 0, 65, 0
0, 0, 302, 1421611922686, 143, 0, 200, 47155, 0, 0, 0, 69, 0
0, 0, 300, 1421611922342, 487, 0, 0, 0, 0, 0, 0, 0, 0
0, 1, 101, 1421611922832, 194, 0, 200, 7239, 0, 0, 63, 186, 1
0, 1, 102, 1421611923199, 143, 0, 200, 26408, 0, 0, 0, 66, 0
0, 1, 103, 1421611923343, 258, 0, 200, 61790, 0, 0, 0, 68, 0
0, 1, 104, 1421611923602, 72, 0, 200, 1404, 0, 0, 0, 71, 0
0, 1, 105, 1421611923674, 111, 0, 200, 723, 0, 0, 0, 111, 0
0, 1, 106, 1421611923786, 77, 0, 200, 7786, 0, 0, 0, 68, 0
0, 1, 107, 1421611923907, 133, 0, 200, 32946, 0, 0, 0, 64, 0
0, 1, 108, 1421611924041, 143, 0, 200, 29428, 0, 0, 0, 62, 0
0, 1, 109, 1421611924185, 109, 0, 200, 23985, 0, 0, 0, 80, 0
0, 1, 110, 1421611924295, 79, 0, 200, 15732, 0, 0, 0, 61, 0
0, 1, 111, 1421611924397, 61, 0, 304, 0, 0, 0, 0, 60, 0
0, 1, 112, 1421611924459, 136, 0, 200, 38453, 0, 0, 0, 61, 0
0, 1, 113, 1421611924596, 76, 0, 200, 8528, 0, 0, 0, 67, 0
0, 1, 114, 1421611924745, 149, 0, 200, 31909, 0, 0, 0, 62, 0
0, 1, 115, 1421611924895, 102, 0, 200, 27620, 0, 0, 0, 64, 0
0, 1, 116, 1421611925055, 103, 0, 200, 17244, 0, 0, 0, 83, 0
0, 1, 117, 1421611925160, 167, 0, 200, 32767, 0, 0, 0, 63, 0
0, 1, 118, 1421611925328, 72, 0, 200, 1474, 0, 0, 0, 71, 0
0, 1, 119, 1421611925400, 90, 0, 200, 1449, 0, 0, 0, 89, 0
0, 1, 120, 1421611925492, 174, 0, 200, 47726, 0, 0, 0, 65, 0
0, 1, 121, 1421611925668, 76, 0, 200, 12764, 0, 0, 0, 61, 0
0, 1, 122, 1421611925745, 189, 0, 200, 56440, 0, 0, 0, 71, 0
0, 1, 123, 1421611925936, 66, 0, 200, 4603, 0, 0, 0, 62, 0
0, 1, 124, 1421611926003, 86, 0, 200, 8535, 0, 0, 0, 77, 0
0, 1, 125, 1421611926121, 68, 0, 200, 3934, 0, 0, 0, 65, 0
0, 1, 126, 1421611926216, 80, 0, 200, 15676, 0, 0, 0, 62, 0
0, 1, 127, 1421611926297, 64, 0, 200, 2415, 0, 0, 0, 62, 0
0, 1, 128, 1421611926374, 64, 0, 200, 3230, 0, 0, 0, 61, 0
0, 1, 129, 1421611926439, 72, 0, 200, 8863, 0, 0, 0, 61, 0
0, 1, 130, 1421611926528, 82, 0, 200, 14311, 0, 0, 0, 66, 0
0, 1, 131, 1421611926611, 70, 0, 200, 7894, 0, 0, 0, 60, 0
0, 1, 132, 1421611926681, 82, 0, 200, 5295, 0, 0, 0, 76, 0
0, 1, 133, 1421611926764, 83, 0, 200, 18421, 0, 0, 0, 61, 0
0, 1, 134, 1421611926866, 234, 0, 200, 97336, 0, 0, 0, 61, 0
0, 1, 135, 1421611927100, 1863, 0, 200, 808183, 0, 0, 0, 62, 0
0, 1, 136, 1421611928964, 64, 0, 200, 2692, 0, 0, 0, 62, 0
0, 1, 137, 1421611929041, 158, 0, 200, 44400, 0, 0, 0, 78, 0
0, 1, 138, 1421611929199, 77, 0, 200, 12837, 0, 0, 0, 62, 0
0, 1, 139, 1421611929315, 75, 0, 200, 11811, 0, 0, 0, 62, 0
0, 1, 140, 1421611929412, 69, 0, 200, 8403, 0, 0, 0, 60, 0
0, 1, 141, 1421611929482, 82, 0, 200, 5492, 0, 0, 0, 76, 0
0, 1, 142, 1421611929565, 66, 0, 200, 2799, 0, 0, 0, 63, 0
0, 1, 143, 1421611929631, 76, 0, 200, 1445, 0, 0, 0, 75, 0
0, 1, 144, 1421611929727, 70, 0, 200, 9007, 0, 0, 0, 60, 0
0, 1, 145, 1421611929799, 72, 0, 200, 1348, 0, 0, 0, 72, 0
0, 1, 146, 1421611929873, 66, 0, 200, 4625, 0, 0, 0, 62, 0
0, 1, 147, 1421611929940, 73, 0, 200, 6937, 0, 0, 0, 64, 0
0, 1, 148, 1421611930014, 82, 0, 200, 2202, 0, 0, 0, 81, 0
0, 1, 149, 1421611930097, 72, 0, 200, 11335, 0, 0, 0, 60, 0
0, 1, 150, 1421611930198, 72, 0, 200, 10789, 0, 0, 0, 60, 0
0, 1, 151, 1421611930271, 64, 0, 200, 3547, 0, 0, 0, 61, 0
0, 1, 152, 1421611930336, 72, 0, 200, 9725, 0, 0, 0, 60, 0
0, 1, 153, 1421611930409, 122, 0, 200, 33596, 0, 0, 0, 61, 0
0, 1, 154, 1421611930554, 60, 0, 200, 764, 0, 0, 0, 60, 0
0, 1, 155, 1421611930616, 62, 0, 200, 2767, 0, 0, 0, 59, 0
0, 1, 156, 1421611930706, 71, 0, 200, 10890, 0, 0, 0, 60, 0
0, 1, 157, 1421611930778, 77, 0, 200, 13882, 0, 0, 0, 61, 0
0, 1, 158, 1421611930856, 191, 0, 200, 77561, 0, 0, 0, 61, 0
0, 1, 159, 1421611931085, 70, 0, 200, 7885, 0, 0, 0, 61, 0
0, 1, 160, 1421611931156, 69, 0, 200, 6899, 0, 0, 0, 62, 0
0, 1, 161, 1421611931227, 198, 0, 200, 57607, 0, 0, 0, 100, 0
0, 1, 162, 1421611931460, 145, 0, 200, 53356, 0, 0, 0, 63, 0
0, 1, 163, 1421611931606, 65, 0, 200, 3006, 0, 0, 0, 60, 0
0, 1, 164, 1421611931713, 132, 0, 200, 26839, 0, 0, 0, 100, 0
0, 1, 165, 1421611931846, 62, 0, 200, 2628, 0, 0, 0, 60, 0
0, 1, 166, 1421611931910, 105, 0, 200, 13142, 0, 0, 0, 90, 0
0, 1, 167, 1421611932016, 69, 0, 200, 8197, 0, 0, 0, 60, 0
0, 1, 168, 1421611932086, 74, 0, 200, 11619, 0, 0, 0, 62, 0
0, 1, 169, 1421611932161, 81, 0, 200, 11417, 0, 0, 0, 68, 0
0, 1, 170, 1421611932243, 114, 0, 200, 1412, 0, 0, 0, 114, 0
0, 1, 171, 1421611932379, 80, 0, 200, 8917, 0, 0, 0, 71, 0
0, 1, 172, 1421611932460, 82, 0, 200, 17485, 0, 0, 0, 62, 0
0, 1, 173, 1421611932543, 69, 0, 200, 6711, 0, 0, 0, 61, 0
0, 1, 174, 1421611932613, 65, 0, 200, 4296, 0, 0, 0, 64, 0
0, 1, 175, 1421611932700, 96, 0, 200, 27092, 0, 0, 0, 65, 0
0, 1, 176, 1421611932819, 74, 0, 200, 6018, 0, 0, 0, 70, 0
0, 1, 177, 1421611932920, 90, 0, 200, 3287, 0, 0, 0, 86, 0
0, 1, 178, 1421611933010, 76, 0, 200, 1044, 0, 0, 0, 75, 0
0, 1, 179, 1421611933087, 64, 0, 200, 3020, 0, 0, 0, 61, 0
0, 1, 180, 1421611933152, 62, 0, 200, 3077, 0, 0, 0, 60, 0
0, 1, 181, 1421611933215, 61, 0, 200, 1903, 0, 0, 0, 60, 0
0, 1, 182, 1421611933277, 61, 0, 200, 2171, 0, 0, 0, 60, 0
0, 1, 183, 1421611933339, 69, 0, 200, 7200, 0, 0, 0, 60, 0
0, 1, 184, 1421611933421, 105, 0, 200, 36215, 0, 0, 0, 60, 0
0, 1, 185, 1421611933526, 115, 0, 200, 39089, 0, 0, 0, 61, 0
0, 1, 186, 1421611933643, 60, 0, 200, 842, 0, 0, 0, 59, 0
0, 1, 187, 1421611933704, 80, 0, 200, 17095, 0, 0, 0, 61, 0
0, 1, 188, 1421611933785, 63, 0, 200, 1737, 0, 0, 0, 62, 0
0, 1, 189, 1421611933848, 70, 0, 200, 2377, 0, 0, 0, 69, 0
0, 1, 190, 1421611933919, 64, 0, 200, 3805, 0, 0, 0, 60, 0
0, 1, 191, 1421611933984, 103, 0, 200, 35776, 0, 0, 0, 60, 0
0, 1, 192, 1421611934103, 71, 0, 200, 3824, 0, 0, 0, 66, 0
0, 1, 193, 1421611934175, 109, 0, 200, 33502, 0, 0, 0, 68, 0
0, 1, 194, 1421611934285, 71, 0, 200, 8879, 0, 0, 0, 62, 0
0, 1, 195, 1421611934394, 109, 0, 304, 0, 0, 0, 0, 108, 0
0, 1, 196, 1421611934556, 131, 0, 200, 52830, 0, 0, 0, 65, 0
0, 1, 197, 1421611934844, 107, 0, 200, 36834, 0, 0, 0, 62, 0
0, 1, 198, 1421611935035, 162, 0, 200, 54562, 0, 0, 0, 63, 0
0, 1, 199, 1421611935949, 148, 0, 200, 38461, 0, 0, 0, 66, 0
0, 1, 100, 1421611922832, 13212, 0, 0, 0, 0, 0, 0, 0, 0
0, 1, 201, 1421611936099, 135, 0, 200, 46324, 0, 0, 0, 65, 0
0, 1, 202, 1421611936235, 90, 0, 200, 21357, 0, 0, 0, 65, 0
0, 1, 200, 1421611936099, 225, 0, 0, 0, 0, 0, 0, 0, 0
0, 1, 301, 1421611936327, 359, 0, 200, 133828, 0, 0, 0, 61, 0
0, 1, 302, 1421611936686, 163, 0, 200, 47155, 0, 0, 0, 63, 0
0, 1, 300, 1421611936326, 524, 0, 0, 0, 0, 0, 0, 0, 0
0, 2, 101, 1421611936851, 255, 0, 200, 7239, 0, 0, 59, 247, 1
0, 2, 102, 1421611937282, 142, 0, 200, 26408, 0, 0, 0, 74, 0
0, 2, 103, 1421611937425, 183, 0, 200, 61790, 0, 0, 0, 65, 0
0, 2, 104, 1421611937609, 63, 0, 200, 1404, 0, 0, 0, 62, 0
0, 2, 105, 1421611937673, 69, 0, 200, 723, 0, 0, 0, 68, 0
0, 2, 106, 1421611937743, 77, 0, 200, 7786, 0, 0, 0, 68, 0
0, 2, 107, 1421611937866, 120, 0, 200, 32946, 0, 0, 0, 63, 0
0, 2, 108, 1421611937987, 99, 0, 200, 29428, 0, 0, 0, 63, 0
0, 2, 109, 1421611938087, 93, 0, 200, 23985, 0, 0, 0, 64, 0
0, 2, 110, 1421611938181, 82, 0, 200, 15732, 0, 0, 0, 64, 0
0, 2, 111, 1421611938285, 69, 0, 304, 0, 0, 0, 0, 69, 0
0, 2, 112, 1421611938355, 156, 0, 200, 38453, 0, 0, 0, 62, 0
0, 2, 113, 1421611938512, 134, 0, 200, 8528, 0, 0, 0, 126, 0
0, 2, 114, 1421611938722, 114, 0, 200, 31909, 0, 0, 0, 74, 0
0, 2, 115, 1421611938837, 100, 0, 200, 27620, 0, 0, 0, 67, 0
0, 2, 116, 1421611938993, 114, 0, 200, 17244, 0, 0, 0, 95, 0
0, 2, 117, 1421611939109, 105, 0, 200, 32767, 0, 0, 0, 65, 0
0, 2, 118, 1421611939214, 66, 0, 200, 1474, 0, 0, 0, 65, 0
0, 2, 119, 1421611939281, 73, 0, 200, 1449, 0, 0, 0, 72, 0
0, 2, 120, 1421611939354, 175, 0, 200, 47726, 0, 0, 0, 65, 0
0, 2, 121, 1421611939530, 83, 0, 200, 12764, 0, 0, 0, 68, 0
0, 2, 122, 1421611939614, 173, 0, 200, 56440, 0, 0, 0, 63, 0
0, 2, 123, 1421611939788, 71, 0, 200, 4603, 0, 0, 0, 66, 0
0, 2, 124, 1421611939860, 75, 0, 200, 8535, 0, 0, 0, 66, 0
0, 2, 125, 1421611939970, 69, 0, 200, 3934, 0, 0, 0, 65, 0
0, 2, 126, 1421611940067, 86, 0, 200, 15676, 0, 0, 0, 64, 0
0, 2, 127, 1421611940154, 67, 0, 200, 2415, 0, 0, 0, 65, 0
0, 2, 128, 1421611940234, 68, 0, 200, 3230, 0, 0, 0, 65, 0
0, 2, 129, 1421611940303, 74, 0, 200, 8863, 0, 0, 0, 64, 0
0, 2, 130, 1421611940397, 78, 0, 200, 14311, 0, 0, 0, 62, 0
0, 2, 131, 1421611940477, 70, 0, 200, 7894, 0, 0, 0, 62, 0
0, 2, 132, 1421611940548, 80, 0, 200, 5295, 0, 0, 0, 74, 0
0, 2, 133, 1421611940629, 84, 0, 200, 18421, 0, 0, 0, 62, 0
0, 2, 134, 1421611940731, 208, 0, 200, 97336, 0, 0, 0, 61, 0
0, 2, 135, 1421611940940, 1098, 0, 200, 808183, 0, 0, 0, 62, 0
