Thread, Run, Test, Start time (ms since Epoch), Test time, Errors, HTTP response code, HTTP response length, HTTP response errors, Time to resolve host, Time to establish connection, Time to first byte, New connections
0, 0, 101, 1421611892086, 15227, 0, 200, 7239, 0, 15014, 15069, 15210, 1
0, 0, 102, 1421611907481, 137, 0, 200, 26408, 0, 0, 0, 67, 0
0, 0, 103, 1421611907619, 208, 0, 200, 61790, 0, 0, 0, 68, 0
0, 0, 104, 1421611907827, 69, 0, 200, 1404, 0, 0, 0, 68, 0
0, 0, 105, 1421611907897, 67, 0, 200, 723, 0, 0, 0, 64, 0
0, 0, 106, 1421611907965, 71, 0, 200, 7786, 0, 0, 0, 63, 0
0, 0, 107, 1421611908084, 121, 0, 200, 32946, 0, 0, 0, 63, 0
0, 0, 108, 1421611908206, 100, 0, 200, 29428, 0, 0, 0, 63, 0
0, 0, 109, 1421611908307, 94, 0, 200, 23985, 0, 0, 0, 65, 0
0, 0, 110, 1421611908402, 89, 0, 200, 15732, 0, 0, 0, 70, 0
0, 0, 111, 1421611908511, 66, 0, 304, 0, 0, 0, 0, 64, 0
0, 0, 112, 1421611908578, 129, 0, 200, 38453, 0, 0, 0, 62, 0
0, 0, 113, 1421611908708, 103, 0, 200, 8528, 0, 0, 0, 94, 0
0, 0, 114, 1421611908884, 103, 0, 200, 31909, 0, 0, 0, 63, 0
0, 0, 115, 1421611908988, 118, 0, 200, 27620, 0, 0, 0, 86, 0
0, 0, 116, 1421611909163, 88, 0, 200, 17244, 0, 0, 0, 67, 0
0, 0, 117, 1421611909252, 111, 0, 200, 32767, 0, 0, 0, 71, 0
0, 0, 118, 1421611909365, 67, 0, 200, 1474, 0, 0, 0, 65, 0
0, 0, 119, 1421611909434, 76, 0, 200, 1449, 0, 0, 0, 74, 0
0, 0, 120, 1421611909511, 177, 0, 200, 47726, 0, 0, 0, 64, 0
0, 0, 121, 1421611909689, 78, 0, 200, 12764, 0, 0, 0, 64, 0
0, 0, 122, 1421611909768, 178, 0, 200, 56440, 0, 0, 0, 62, 0
0, 0, 123, 1421611909947, 66, 0, 200, 4603, 0, 0, 0, 62, 0
0, 0, 124, 1421611910013, 72, 0, 200, 8535, 0, 0, 0, 62, 0
0, 0, 125, 1421611910114, 72, 0, 200, 3934, 0, 0, 0, 66, 0
0, 0, 126, 1421611910216, 82, 0, 200, 15676, 0, 0, 0, 63, 0
0, 0, 127, 1421611910298, 64, 0, 200, 2415, 0, 0, 0, 62, 0
0, 0, 128, 1421611910376, 65, 0, 200, 3230, 0, 0, 0, 63, 0
0, 0, 129, 1421611910441, 74, 0, 200, 8863, 0, 0, 0, 63, 0
0, 0, 130, 1421611910534, 81, 0, 200, 14311, 0, 0, 0, 64, 0
0, 0, 131, 1421611910616, 70, 0, 200, 7894, 0, 0, 0, 62, 0
0, 0, 132, 1421611910687, 69, 0, 200, 5295, 0, 0, 0, 63, 0
0, 0, 133, 1421611910757, 90, 0, 200, 18421, 0, 0, 0, 69, 0
0, 0, 134, 1421611910865, 320, 0, 200, 97336, 0, 0, 0, 64, 0
0, 0, 135, 1421611911186, 1886, 0, 200, 808183, 0, 0, 0, 63, 0
0, 0, 136, 1421611913072, 70, 0, 200, 2692, 0, 0, 0, 68, 0
0, 0, 137, 1421611913156, 122, 0, 200, 44400, 0, 0, 0, 68, 0
0, 0, 138, 1421611913279, 86, 0, 200, 12837, 0, 0, 0, 70, 0
0, 0, 139, 1421611913405, 125, 0, 200, 11811, 0, 0, 0, 109, 0
0, 0, 140, 1421611913553, 88, 0, 200, 8403, 0, 0, 0, 78, 0
0, 0, 141, 1421611913642, 93, 0, 200, 5492, 0, 0, 0, 92, 0
0, 0, 142, 1421611913736, 69, 0, 200, 2799, 0, 0, 0, 66, 0
0, 0, 143, 1421611913806, 65, 0, 200, 1445, 0, 0, 0, 63, 0
0, 0, 144, 1421611913890, 75, 0, 200, 9007, 0, 0, 0, 64, 0
0, 0, 145, 1421611913967, 64, 0, 200, 1348, 0, 0, 0, 64, 0
0, 0, 146, 1421611914032, 68, 0, 200, 4625, 0, 0, 0, 63, 0
0, 0, 147, 1421611914101, 70, 0, 200, 6937, 0, 0, 0, 63, 0
0, 0, 148, 1421611914173, 63, 0, 200, 2202, 0, 0, 0, 62, 0
0, 0, 149, 1421611914237, 74, 0, 200, 11335, 0, 0, 0, 62, 0
0, 0, 150, 1421611914339, 75, 0, 200, 10789, 0, 0, 0, 62, 0
0, 0, 151, 1421611914415, 65, 0, 200, 3547, 0, 0, 0, 62, 0
0, 0, 152, 1421611914481, 77, 0, 200, 9725, 0, 0, 0, 73, 0
0, 0, 153, 1421611914560, 210, 0, 200, 33596, 0, 0, 0, 168, 0
0, 0, 154, 1421611914795, 63, 0, 200, 764, 0, 0, 0, 63, 0
0, 0, 155, 1421611914859, 65, 0, 200, 2767, 0, 0, 0, 63, 0
0, 0, 156, 1421611914952, 76, 0, 200, 10890, 0, 0, 0, 64, 0
0, 0, 157, 1421611915028, 80, 0, 200, 13882, 0, 0, 0, 63, 0
0, 0, 158, 1421611915108, 187, 0, 200, 77561, 0, 0, 0, 66, 0
0, 0, 159, 1421611915331, 71, 0, 200, 7885, 0, 0, 0, 63, 0
0, 0, 160, 1421611915403, 71, 0, 200, 6899, 0, 0, 0, 63, 0
0, 0, 161, 1421611915475, 151, 0, 200, 57607, 0, 0, 0, 66, 0
0, 0, 162, 1421611915659, 158, 0, 200, 53356, 0, 0, 0, 64, 0
0, 0, 163, 1421611915818, 66, 0, 200, 3006, 0, 0, 0, 63, 0
0, 0, 164, 1421611915926, 95, 0, 200, 26839, 0, 0, 0, 63, 0
0, 0, 165, 1421611916022, 67, 0, 200, 2628, 0, 0, 0, 64, 0
0, 0, 166, 1421611916090, 78, 0, 200, 13142, 0, 0, 0, 62, 0
0, 0, 167, 1421611916169, 78, 0, 200, 8197, 0, 0, 0, 69, 0
0, 0, 168, 1421611916248, 77, 0, 200, 11619, 0, 0, 0, 63, 0
0, 0, 169, 1421611916326, 74, 0, 200, 11417, 0, 0, 0, 62, 0
0, 0, 170, 1421611916401, 64, 0, 200, 1412, 0, 0, 0, 64, 0
0, 0, 171, 1421611916485, 79, 0, 200, 8917, 0, 0, 0, 69, 0
0, 0, 172, 1421611916565, 84, 0, 200, 17485, 0, 0, 0, 62, 0
0, 0, 173, 1421611916651, 71, 0, 200, 6711, 0, 0, 0, 64, 0
0, 0, 174, 1421611916722, 74, 0, 200, 4296, 0, 0, 0, 69, 0
0, 0, 175, 1421611916819, 101, 0, 200, 27092, 0, 0, 0, 67, 0
0, 0, 176, 1421611916943, 70, 0, 200, 6018, 0, 0, 0, 65, 0
0, 0, 177, 1421611917040, 74, 0, 200, 3287, 0, 0, 0, 74, 0
0, 0, 178, 1421611917115, 87, 0, 200, 1044, 0, 0, 0, 86, 0
0, 0, 179, 1421611917202, 70, 0, 200, 3020, 0, 0, 0, 66, 0
0, 0, 180, 1421611917273, 66, 0, 200, 3077, 0, 0, 0, 63, 0
0, 0, 181, 1421611917339, 69, 0, 200, 1903, 0, 0, 0, 68, 0
0, 0, 182, 1421611917409, 63, 0, 200, 2171, 0, 0, 0, 62, 0
0, 0, 183, 1421611917474, 69, 0, 200, 7200, 0, 0, 0, 62, 0
0, 0, 184, 1421611917558, 106, 0, 200, 36215, 0, 0, 0, 65, 0
0, 0, 185, 1421611917666, 109, 0, 200, 39089, 0, 0, 0, 62, 0
0, 0, 186, 1421611917776, 64, 0, 200, 842, 0, 0, 0, 63, 0
0, 0, 187, 1421611917841, 83, 0, 200, 17095, 0, 0, 0, 63, 0
0, 0, 188, 1421611917925, 69, 0, 200, 1737, 0, 0, 0, 67, 0
0, 0, 189, 1421611917994, 64, 0, 200, 2377, 0, 0, 0, 62, 0
0, 0, 190, 1421611918059, 78, 0, 200, 3805, 0, 0, 0, 76, 0
0, 0, 191, 1421611918138, 106, 0, 200, 35776, 0, 0, 0, 63, 0
0, 0, 192, 1421611918260, 65, 0, 200, 3824, 0, 0, 0, 61, 0
0, 0, 193, 1421611918326, 102, 0, 200, 33502, 0, 0, 0, 62, 0
0, 0, 194, 1421611918429, 72, 0, 200, 8879, 0, 0, 0, 62, 0
0, 0, 195, 1421611918535, 68, 0, 304, 0, 0, 0, 0, 67, 0
0, 0, 196, 1421611918652, 141, 0, 200, 52830, 0, 0, 0, 66, 0
0, 0, 197, 1421611918972, 108, 0, 200, 36834, 0, 0, 0, 63, 0
0, 0, 198, 1421611919166, 130, 0, 200, 54562, 0, 0, 0, 63, 0
0, 0, 199, 1421611920120, 148, 0, 200, 38461, 0, 0, 0, 65, 0
0, 0, 100, 1421611892083, 28146, 0, 0, 0, 0, 0, 0, 0, 0
0, 0, 201, 1421611920270, 189, 0, 200, 46324, 0, 0, 0, 108, 0
0, 0, 202, 1421611920460, 88, 0, 200, 21357, 0, 0, 0, 63, 0
0, 0, 200, 1421611920270, 277, 0, 0, 0, 0, 0, 0, 0, 0
0, 0, 301, 1421611920550, 282, 0, 200, 133828, 0, 0, 0, 79, 0
0, 0, 302, 1421611920833, 123, 0, 200, 47155, 0, 0, 0, 67, 0
0, 0, 300, 1421611920550, 406, 0, 0, 0, 0, 0, 0, 0, 0
0, 1, 101, 1421611920959, 260, 0, 200, 7239, 0, 0, 69, 251, 1
0, 1, 102, 1421611921386, 133, 0, 200, 26408, 0, 0, 0, 62, 0
0, 1, 103, 1421611921520, 206, 0, 200, 61790, 0, 0, 0, 85, 0
0, 1, 104, 1421611921727, 70, 0, 200, 1404, 0, 0, 0, 70, 0
0, 1, 105, 1421611921799, 62, 0, 200, 723, 0, 0, 0, 61, 0
0, 1, 106, 1421611921862, 71, 0, 200, 7786, 0, 0, 0, 64, 0
0, 1, 107, 1421611921977, 127, 0, 200, 32946, 0, 0, 0, 70, 0
0, 1, 108, 1421611922105, 115, 0, 200, 29428, 0, 0, 0, 79, 0
0, 1, 109, 1421611922221, 93, 0, 200, 23985, 0, 0, 0, 64, 0
0, 1, 110, 1421611922315, 90, 0, 200, 15732, 0, 0, 0, 72, 0
0, 1, 111, 1421611922428, 67, 0, 304, 0, 0, 0, 0, 66, 0
0, 1, 112, 1421611922496, 153, 0, 200, 38453, 0, 0, 0, 67, 0
0, 1, 113, 1421611922650, 71, 0, 200, 8528, 0, 0, 0, 62, 0
0, 1, 114, 1421611922793, 103, 0, 200, 31909, 0, 0, 0, 64, 0
0, 1, 115, 1421611922897, 108, 0, 200, 27620, 0, 0, 0, 73, 0
0, 1, 116, 1421611923065, 83, 0, 200, 17244, 0, 0, 0, 62, 0
0, 1, 117, 1421611923149, 113, 0, 200, 32767, 0, 0, 0, 72, 0
0, 1, 118, 1421611923263, 71, 0, 200, 1474, 0, 0, 0, 69, 0
0, 1, 119, 1421611923335, 65, 0, 200, 1449, 0, 0, 0, 64, 0
0, 1, 120, 1421611923400, 187, 0, 200, 47726, 0, 0, 0, 63, 0
0, 1, 121, 1421611923588, 83, 0, 200, 12764, 0, 0, 0, 68, 0
0, 1, 122, 1421611923673, 152, 0, 200, 56440, 0, 0, 0, 68, 0
0, 1, 123, 1421611923826, 67, 0, 200, 4603, 0, 0, 0, 62, 0
0, 1, 124, 1421611923894, 72, 0, 200, 8535, 0, 0, 0, 62, 0
0, 1, 125, 1421611923998, 67, 0, 200, 3934, 0, 0, 0, 64, 0
0, 1, 126, 1421611924094, 84, 0, 200, 15676, 0, 0, 0, 63, 0
0, 1, 127, 1421611924178, 68, 0, 200, 2415, 0, 0, 0, 66, 0
0, 1, 128, 1421611924260, 74, 0, 200, 3230, 0, 0, 0, 73, 0
0, 1, 129, 1421611924335, 72, 0, 200, 8863, 0, 0, 0, 61, 0
0, 1, 130, 1421611924425, 79, 0, 200, 14311, 0, 0, 0, 63, 0
0, 1, 131, 1421611924505, 75, 0, 200, 7894, 0, 0, 0, 66, 0
0, 1, 132, 1421611924581, 75, 0, 200, 5295, 0, 0, 0, 69, 0
0, 1, 133, 1421611924657, 84, 0, 200, 18421, 0, 0, 0, 63, 0
0, 1, 134, 1421611924760, 256, 0, 200, 97336, 0, 0, 0, 83, 0
0, 1, 135, 1421611925017, 1552, 0, 200, 808183, 0, 0, 0, 62, 0
0, 1, 136, 1421611926570, 65, 0, 200, 2692, 0, 0, 0, 65, 0
0, 1, 137, 1421611926649, 125, 0, 200, 44400, 0, 0, 0, 62, 0
0, 1, 138, 1421611926776, 88, 0, 200, 12837, 0, 0, 0, 73, 0
0, 1, 139, 1421611926901, 79, 0, 200, 11811, 0, 0, 0, 66, 0
0, 1, 140, 1421611927003, 73, 0, 200, 8403, 0, 0, 0, 65, 0
0, 1, 141, 1421611927078, 70, 0, 200, 5492, 0, 0, 0, 69, 0
0, 1, 142, 1421611927148, 66, 0, 200, 2799, 0, 0, 0, 64, 0
0, 1, 143, 1421611927215, 69, 0, 200, 1445, 0, 0, 0, 69, 0
0, 1, 144, 1421611927304, 75, 0, 200, 9007, 0, 0, 0, 65, 0
0, 1, 145, 1421611927380, 74, 0, 200, 1348, 0, 0, 0, 74, 0
0, 1, 146, 1421611927455, 73, 0, 200, 4625, 0, 0, 0, 69, 0
0, 1, 147, 1421611927530, 74, 0, 200, 6937, 0, 0, 0, 66, 0
0, 1, 148, 1421611927606, 66, 0, 200, 2202, 0, 0, 0, 65, 0
0, 1, 149, 1421611927676, 78, 0, 200, 11335, 0, 0, 0, 65, 0
0, 1, 150, 1421611927781, 78, 0, 200, 10789, 0, 0, 0, 65, 0
0, 1, 151, 1421611927860, 76, 0, 200, 3547, 0, 0, 0, 74, 0
0, 1, 152, 1421611927938, 81, 0, 200, 9725, 0, 0, 0, 70, 0
0, 1, 153, 1421611928020, 111, 0, 200, 33596, 0, 0, 0, 70, 0
0, 1, 154, 1421611928154, 64, 0, 200, 764, 0, 0, 0, 63, 0
0, 1, 155, 1421611928218, 66, 0, 200, 2767, 0, 0, 0, 64, 0
0, 1, 156, 1421611928309, 80, 0, 200, 10890, 0, 0, 0, 68, 0
0, 1, 157, 1421611928390, 109, 0, 200, 13882, 0, 0, 0, 102, 0
0, 1, 158, 1421611928500, 267, 0, 200, 77561, 0, 0, 0, 102, 0
0, 1, 159, 1421611928804, 133, 0, 200, 7885, 0, 0, 0, 125, 0
0, 1, 160, 1421611928938, 70, 0, 200, 6899, 0, 0, 0, 62, 0
0, 1, 161, 1421611929009, 168, 0, 200, 57607, 0, 0, 0, 62, 0
0, 1, 162, 1421611929207, 149, 0, 200, 53356, 0, 0, 0, 71, 0
0, 1, 163, 1421611929357, 63, 0, 200, 3006, 0, 0, 0, 60, 0
0, 1, 164, 1421611929461, 95, 0, 200, 26839, 0, 0, 0, 62, 0
0, 1, 165, 1421611929556, 65, 0, 200, 2628, 0, 0, 0, 62, 0
0, 1, 166, 1421611929622, 76, 0, 200, 13142, 0, 0, 0, 62, 0
0, 1, 167, 1421611929699, 72, 0, 200, 8197, 0, 0, 0, 62, 0
0, 1, 168, 1421611929772, 77, 0, 200, 11619, 0, 0, 0, 65, 0
0, 1, 169, 1421611929850, 81, 0, 200, 11417, 0, 0, 0, 68, 0
0, 1, 170, 1421611929932, 62, 0, 200, 1412, 0, 0, 0, 62, 0
0, 1, 171, 1421611930014, 101, 0, 200, 8917, 0, 0, 0, 90, 0
0, 1, 172, 1421611930115, 90, 0, 200, 17485, 0, 0, 0, 69, 0
0, 1, 173, 1421611930205, 81, 0, 200, 6711, 0, 0, 0, 74, 0
0, 1, 174, 1421611930287, 65, 0, 200, 4296, 0, 0, 0, 61, 0
0, 1, 175, 1421611930375, 94, 0, 200, 27092, 0, 0, 0, 61, 0
0, 1, 176, 1421611930492, 69, 0, 200, 6018, 0, 0, 0, 64, 0
0, 1, 177, 1421611930588, 64, 0, 200, 3287, 0, 0, 0, 61, 0
0, 1, 178, 1421611930653, 62, 0, 200, 1044, 0, 0, 0, 61, 0
0, 1, 179, 1421611930715, 66, 0, 200, 3020, 0, 0, 0, 64, 0
0, 1, 180, 1421611930782, 79, 0, 200, 3077, 0, 0, 0, 75, 0
0, 1, 181, 1421611930861, 97, 0, 200, 1903, 0, 0, 0, 95, 0
0, 1, 182, 1421611930959, 63, 0, 200, 2171, 0, 0, 0, 62, 0
0, 1, 183, 1421611931023, 69, 0, 200, 7200, 0, 0, 0, 62, 0
0, 1, 184, 1421611931108, 106, 0, 200, 36215, 0, 0, 0, 62, 0
0, 1, 185, 1421611931215, 111, 0, 200, 39089, 0, 0, 0, 63, 0
0, 1, 186, 1421611931327, 75, 0, 200, 842, 0, 0, 0, 74, 0
0, 1, 187, 1421611931402, 82, 0, 200, 17095, 0, 0, 0, 63, 0
0, 1, 188, 1421611931485, 89, 0, 200, 1737, 0, 0, 0, 88, 0
0, 1, 189, 1421611931575, 64, 0, 200, 2377, 0, 0, 0, 62, 0
0, 1, 190, 1421611931640, 65, 0, 200, 3805, 0, 0, 0, 61, 0
0, 1, 191, 1421611931705, 107, 0, 200, 35776, 0, 0, 0, 61, 0
0, 1, 192, 1421611931829, 66, 0, 200, 3824, 0, 0, 0, 62, 0
0, 1, 193, 1421611931896, 102, 0, 200, 33502, 0, 0, 0, 63, 0
0, 1, 194, 1421611931999, 71, 0, 200, 8879, 0, 0, 0, 63, 0
0, 1, 195, 1421611932109, 73, 0, 304, 0, 0, 0, 0, 72, 0
0, 1, 196, 1421611932230, 135, 0, 200, 52830, 0, 0, 0, 64, 0
0, 1, 197, 1421611932558, 108, 0, 200, 36834, 0, 0, 0, 62, 0
0, 1, 198, 1421611932759, 138, 0, 200, 54562, 0, 0, 0, 63, 0
0, 1, 199, 1421611933646, 169, 0, 200, 38461, 0, 0, 0, 66, 0
0, 1, 100, 1421611920959, 12811, 0, 0, 0, 0, 0, 0, 0, 0
0, 1, 201, 1421611933816, 133, 0, 200, 46324, 0, 0, 0, 61, 0
0, 1, 202, 1421611933951, 86, 0, 200, 21357, 0, 0, 0, 61, 0
0, 1, 200, 1421611933816, 220, 0, 0, 0, 0, 0, 0, 0, 0
0, 1, 301, 1421611934039, 345, 0, 200, 133828, 0, 0, 0, 62, 0
0, 1, 302, 1421611934385, 124, 0, 200, 47155, 0, 0, 0, 64, 0
0, 1, 300, 1421611934039, 469, 0, 0, 0, 0, 0, 0, 0, 0
0, 2, 101, 1421611934512, 250, 0, 200, 7239, 0, 0, 59, 242, 1
0, 2, 102, 1421611934948, 134, 0, 200, 26408, 0, 0, 0, 65, 0
0, 2, 103, 1421611935082, 198, 0, 200, 61790, 0, 0, 0, 80, 0
0, 2, 104, 1421611935280, 62, 0, 200, 1404, 0, 0, 0, 61, 0
0, 2, 105, 1421611935343, 61, 0, 200, 723, 0, 0, 0, 61, 0
0, 2, 106, 1421611935404, 69, 0, 200, 7786, 0, 0, 0, 60, 0
0, 2, 107, 1421611935520, 121, 0, 200, 32946, 0, 0, 0, 64, 0
0, 2, 108, 1421611935643, 105, 0, 200, 29428, 0, 0, 0, 65, 0
0, 2, 109, 1421611935749, 92, 0, 200, 23985, 0, 0, 0, 62, 0
0, 2, 110, 1421611935842, 90, 0, 200, 15732, 0, 0, 0, 71, 0
0, 2, 111, 1421611935954, 77, 0, 304, 0, 0, 0, 0, 76, 0
0, 2, 112, 1421611936032, 174, 0, 200, 38453, 0, 0, 0, 67, 0
0, 2, 113, 1421611936207, 70, 0, 200, 8528, 0, 0, 0, 61, 0
0, 2, 114, 1421611936347, 134, 0, 200, 31909, 0, 0, 0, 94, 0
0, 2, 115, 1421611936482, 104, 0, 200, 27620, 0, 0, 0, 70, 0
0, 2, 116, 1421611936652, 82, 0, 200, 17244, 0, 0, 0, 63, 0
0, 2, 117, 1421611936735, 111, 0, 200, 32767, 0, 0, 0, 71, 0
0, 2, 118, 1421611936847, 62, 0, 200, 1474, 0, 0, 0, 62, 0
0, 2, 119, 1421611936910, 81, 0, 200, 1449, 0, 0, 0, 80, 0
0, 2, 120, 1421611936992, 134, 0, 200, 47726, 0, 0, 0, 61, 0
0, 2, 121, 1421611937127, 77, 0, 200, 12764, 0, 0, 0, 61, 0
0, 2, 122, 1421611937205, 170, 0, 200, 56440, 0, 0, 0, 61, 0
0, 2, 123, 1421611937375, 65, 0, 200, 4603, 0, 0, 0, 61, 0
0, 2, 124, 1421611937441, 89, 0, 200, 8535, 0, 0, 0, 80, 0
0, 2, 125, 1421611937566, 66, 0, 200, 3934, 0, 0, 0, 63, 0
0, 2, 126, 1421611937661, 79, 0, 200, 15676, 0, 0, 0, 61, 0
0, 2, 127, 1421611937741, 63, 0, 200, 2415, 0, 0, 0, 61, 0
0, 2, 128, 1421611937817, 64, 0, 200, 3230, 0, 0, 0, 62, 0
0, 2, 129, 1421611937882, 94, 0, 200, 8863, 0, 0, 0, 85, 0
0, 2, 130, 1421611937994, 109, 0, 200, 14311, 0, 0, 0, 92, 0
0, 2, 131, 1421611938104, 86, 0, 200, 7894, 0, 0, 0, 77, 0
0, 2, 132, 1421611938191, 79, 0, 200, 5295, 0, 0, 0, 74, 0
0, 2, 133, 1421611938271, 83, 0, 200, 18421, 0, 0, 0, 61, 0
0, 2, 134, 1421611938373, 296, 0, 200, 97336, 0, 0, 0, 85, 0
0, 2, 135, 1421611938670, 1774, 0, 200, 808183, 0, 0, 0, 66, 0
0, 2, 136, 1421611940445, 63, 0, 200, 2692, 0, 0, 0, 62, 0
0, 2, 137, 1421611940522, 135, 0, 200, 44400, 0, 0, 0, 61, 0
0, 2, 138, 1421611940658, 121, 0, 200, 12837, 0, 0, 0, 107, 0
0, 2, 139, 1421611940820, 78, 0, 200, 11811, 0, 0, 0, 65, 0
0, 2, 140, 1421611940920, 72, 0, 200, 8403, 0, 0, 0, 62, 0
0, 2, 141, 1421611940992, 76, 0, 200, 5492, 0, 0, 0, 70, 0
0, 2, 142, 1421611941069, 69, 0, 200, 2799, 0, 0, 0, 67, 0
0, 2, 143, 1421611941140, 70, 0, 200, 1445, 0, 0, 0, 70, 0
0, 2, 144, 1421611941230, 82, 0, 200, 9007, 0, 0, 0, 72, 0
